# JRE version: Java(TM) SE Runtime Environment (8.0_171-b11) (build 1.8.0_171-b11)
# Java VM: Java HotSpot(TM) 64-Bit Server VM (25.171-b11 mixed mode linux-amd64 compressed oops)
Heap:
 PSYoungGen      total 314880K, used 20477K [0x00000000d6e00000, 0x00000000ebb80000, 0x0000000100000000)
  eden space 294400K, 0% used [0x00000000d6e00000,0x00000000d6e00000,0x00000000e8d80000)
  from space 20480K, 99% used [0x00000000e9380000,0x00000000ea77f618,0x00000000ea780000)
  to   space 17408K, 0% used [0x00000000eaa80000,0x00000000eaa80000,0x00000000ebb80000)
 ParOldGen       total 131072K, used 126121K [0x0000000084a00000, 0x000000008ca00000, 0x00000000d6e00000)
  object space 131072K, 96% used [0x0000000084a00000,0x000000008c52a560,0x000000008ca00000)
 Metaspace       used 55780K, capacity 58884K, committed 59008K, reserved 1099776K
  class space    used 7571K, capacity 8299K, committed 8320K, reserved 1048576K
GC Heap History (10 events):
Event: 1.692 GC heap after
Heap after GC invocations=6 (full 1):
 PSYoungGen      total 132096K, used 5115K [0x00000000d6e00000, 0x00000000e4a00000, 0x0000000100000000)
  eden space 126976K, 0% used [0x00000000d6e00000,0x00000000d6e00000,0x00000000dea00000)
  from space 5120K, 99% used [0x00000000dea00000,0x00000000deefec20,0x00000000def00000)
  to   space 13824K, 0% used [0x00000000e3c80000,0x00000000e3c80000,0x00000000e4a00000)
 ParOldGen       total 56832K, used 14694K [0x0000000084a00000, 0x0000000088180000, 0x00000000d6e00000)
  object space 56832K, 25% used [0x0000000084a00000,0x0000000085859b20,0x0000000088180000)
 Metaspace       used 25321K, capacity 26142K, committed 26496K, reserved 1073152K
  class space    used 3377K, capacity 3588K, committed 3712K, reserved 1048576K
}
Event: 2.401 GC heap before
{Heap before GC invocations=7 (full 1):
 PSYoungGen      total 132096K, used 132091K [0x00000000d6e00000, 0x00000000e4a00000, 0x0000000100000000)
  eden space 126976K, 100% used [0x00000000d6e00000,0x00000000dea00000,0x00000000dea00000)
  from space 5120K, 99% used [0x00000000dea00000,0x00000000deefec20,0x00000000def00000)
  to   space 13824K, 0% used [0x00000000e3c80000,0x00000000e3c80000,0x00000000e4a00000)
 ParOldGen       total 56832K, used 14694K [0x0000000084a00000, 0x0000000088180000, 0x00000000d6e00000)
  object space 56832K, 25% used [0x0000000084a00000,0x0000000085859b20,0x0000000088180000)
 Metaspace       used 30032K, capacity 31198K, committed 31488K, reserved 1077248K
  class space    used 4052K, capacity 4312K, committed 4352K, reserved 1048576K
Event: 2.432 GC heap after
Heap after GC invocations=7 (full 1):
 PSYoungGen      total 209920K, used 13019K [0x00000000d6e00000, 0x00000000e4c00000, 0x0000000100000000)
  eden space 196096K, 0% used [0x00000000d6e00000,0x00000000d6e00000,0x00000000e2d80000)
  from space 13824K, 94% used [0x00000000e3c80000,0x00000000e4936f18,0x00000000e4a00000)
  to   space 15360K, 0% used [0x00000000e2d80000,0x00000000e2d80000,0x00000000e3c80000)
 ParOldGen       total 56832K, used 14702K [0x0000000084a00000, 0x0000000088180000, 0x00000000d6e00000)
  object space 56832K, 25% used [0x0000000084a00000,0x000000008585bb20,0x0000000088180000)
 Metaspace       used 30032K, capacity 31198K, committed 31488K, reserved 1077248K
  class space    used 4052K, capacity 4312K, committed 4352K, reserved 1048576K
}
Event: 2.907 GC heap before
{Heap before GC invocations=8 (full 1):
 PSYoungGen      total 209920K, used 129736K [0x00000000d6e00000, 0x00000000e4c00000, 0x0000000100000000)
  eden space 196096K, 59% used [0x00000000d6e00000,0x00000000ddffb408,0x00000000e2d80000)
  from space 13824K, 94% used [0x00000000e3c80000,0x00000000e4936f18,0x00000000e4a00000)
  to   space 15360K, 0% used [0x00000000e2d80000,0x00000000e2d80000,0x00000000e3c80000)
 ParOldGen       total 56832K, used 14702K [0x0000000084a00000, 0x0000000088180000, 0x00000000d6e00000)
  object space 56832K, 25% used [0x0000000084a00000,0x000000008585bb20,0x0000000088180000)
 Metaspace       used 33952K, capacity 35428K, committed 35496K, reserved 1079296K
  class space    used 4520K, capacity 4837K, committed 4864K, reserved 1048576K
Event: 2.934 GC heap after
Heap after GC invocations=8 (full 1):
 PSYoungGen      total 211456K, used 15359K [0x00000000d6e00000, 0x00000000ebc80000, 0x0000000100000000)
  eden space 196096K, 0% used [0x00000000d6e00000,0x00000000d6e00000,0x00000000e2d80000)
  from space 15360K, 99% used [0x00000000e2d80000,0x00000000e3c7fd38,0x00000000e3c80000)
  to   space 18432K, 0% used [0x00000000eaa80000,0x00000000eaa80000,0x00000000ebc80000)
 ParOldGen       total 56832K, used 16435K [0x0000000084a00000, 0x0000000088180000, 0x00000000d6e00000)
  object space 56832K, 28% used [0x0000000084a00000,0x0000000085a0cf48,0x0000000088180000)
 Metaspace       used 33952K, capacity 35428K, committed 35496K, reserved 1079296K
  class space    used 4520K, capacity 4837K, committed 4864K, reserved 1048576K
}
Event: 2.934 GC heap before
{Heap before GC invocations=9 (full 2):
 PSYoungGen      total 211456K, used 15359K [0x00000000d6e00000, 0x00000000ebc80000, 0x0000000100000000)
  eden space 196096K, 0% used [0x00000000d6e00000,0x00000000d6e00000,0x00000000e2d80000)
  from space 15360K, 99% used [0x00000000e2d80000,0x00000000e3c7fd38,0x00000000e3c80000)
  to   space 18432K, 0% used [0x00000000eaa80000,0x00000000eaa80000,0x00000000ebc80000)
 ParOldGen       total 56832K, used 16435K [0x0000000084a00000, 0x0000000088180000, 0x00000000d6e00000)
  object space 56832K, 28% used [0x0000000084a00000,0x0000000085a0cf48,0x0000000088180000)
 Metaspace       used 33952K, capacity 35428K, committed 35496K, reserved 1079296K
  class space    used 4520K, capacity 4837K, committed 4864K, reserved 1048576K
Event: 3.012 GC heap after
Heap after GC invocations=9 (full 2):
 PSYoungGen      total 211456K, used 0K [0x00000000d6e00000, 0x00000000ebc80000, 0x0000000100000000)
  eden space 196096K, 0% used [0x00000000d6e00000,0x00000000d6e00000,0x00000000e2d80000)
  from space 15360K, 0% used [0x00000000e2d80000,0x00000000e2d80000,0x00000000e3c80000)
  to   space 18432K, 0% used [0x00000000eaa80000,0x00000000eaa80000,0x00000000ebc80000)
 ParOldGen       total 97280K, used 24472K [0x0000000084a00000, 0x000000008a900000, 0x00000000d6e00000)
  object space 97280K, 25% used [0x0000000084a00000,0x00000000861e63a8,0x000000008a900000)
 Metaspace       used 33952K, capacity 35428K, committed 35496K, reserved 1079296K
  class space    used 4520K, capacity 4837K, committed 4864K, reserved 1048576K
}
Event: 4.083 GC heap before
{Heap before GC invocations=10 (full 2):
 PSYoungGen      total 211456K, used 196096K [0x00000000d6e00000, 0x00000000ebc80000, 0x0000000100000000)
  eden space 196096K, 100% used [0x00000000d6e00000,0x00000000e2d80000,0x00000000e2d80000)
  from space 15360K, 0% used [0x00000000e2d80000,0x00000000e2d80000,0x00000000e3c80000)
  to   space 18432K, 0% used [0x00000000eaa80000,0x00000000eaa80000,0x00000000ebc80000)
 ParOldGen       total 97280K, used 24472K [0x0000000084a00000, 0x000000008a900000, 0x00000000d6e00000)
  object space 97280K, 25% used [0x0000000084a00000,0x00000000861e63a8,0x000000008a900000)
 Metaspace       used 46218K, capacity 48720K, committed 48896K, reserved 1091584K
  class space    used 6221K, capacity 6797K, committed 6912K, reserved 1048576K
Event: 4.095 GC heap after
Heap after GC invocations=10 (full 2):
 PSYoungGen      total 311808K, used 17189K [0x00000000d6e00000, 0x00000000ebb80000, 0x0000000100000000)
  eden space 294400K, 0% used [0x00000000d6e00000,0x00000000d6e00000,0x00000000e8d80000)
  from space 17408K, 98% used [0x00000000eaa80000,0x00000000ebb49600,0x00000000ebb80000)
  to   space 20480K, 0% used [0x00000000e9380000,0x00000000e9380000,0x00000000ea780000)
 ParOldGen       total 97280K, used 24480K [0x0000000084a00000, 0x000000008a900000, 0x00000000d6e00000)
  object space 97280K, 25% used [0x0000000084a00000,0x00000000861e83a8,0x000000008a900000)
 Metaspace       used 46218K, capacity 48720K, committed 48896K, reserved 1091584K
  class space    used 6221K, capacity 6797K, committed 6912K, reserved 1048576K
}
Event: 5.284 GC heap before
{Heap before GC invocations=11 (full 2):
 PSYoungGen      total 311808K, used 311589K [0x00000000d6e00000, 0x00000000ebb80000, 0x0000000100000000)
  eden space 294400K, 100% used [0x00000000d6e00000,0x00000000e8d80000,0x00000000e8d80000)
  from space 17408K, 98% used [0x00000000eaa80000,0x00000000ebb49600,0x00000000ebb80000)
  to   space 20480K, 0% used [0x00000000e9380000,0x00000000e9380000,0x00000000ea780000)
 ParOldGen       total 97280K, used 24480K [0x0000000084a00000, 0x000000008a900000, 0x00000000d6e00000)
  object space 97280K, 25% used [0x0000000084a00000,0x00000000861e83a8,0x000000008a900000)
 Metaspace       used 55780K, capacity 58884K, committed 59008K, reserved 1099776K
  class space    used 7571K, capacity 8299K, committed 8320K, reserved 1048576K

